<?xml version="1.0" encoding="UTF-8"?>
<testsuite xmlns:xsi="http://www.w3.org/2001/XMLSchema-instance" xsi:noNamespaceSchemaLocation="https://maven.apache.org/surefire/maven-surefire-plugin/xsd/surefire-test-report-3.0.xsd" version="3.0" name="com.fitness.aplicacion.FitnessTrackerServidorApplicationTests" time="4.485" tests="1" errors="0" skipped="0" failures="0">
  <properties>
    <property name="java.specification.version" value="21"/>
    <property name="sun.cpu.isalist" value="amd64"/>
    <property name="sun.jnu.encoding" value="Cp1252"/>
    <property name="java.class.path" value="C:\Users\zanet\Desktop\Fitness-Tracker\src\FitnessTrackerServidor\target\test-classes;C:\Users\zanet\Desktop\Fitness-Tracker\src\FitnessTrackerServidor\target\classes;C:\Users\zanet\.m2\repository\org\springframework\boot\spring-boot-starter-data-mongodb\3.2.4\spring-boot-starter-data-mongodb-3.2.4.jar;C:\Users\zanet\.m2\repository\org\springframework\boot\spring-boot-starter\3.2.4\spring-boot-starter-3.2.4.jar;C:\Users\zanet\.m2\repository\org\springframework\boot\spring-boot-starter-logging\3.2.4\spring-boot-starter-logging-3.2.4.jar;C:\Users\zanet\.m2\repository\ch\qos\logback\logback-classic\1.4.14\logback-classic-1.4.14.jar;C:\Users\zanet\.m2\repository\ch\qos\logback\logback-core\1.4.14\logback-core-1.4.14.jar;C:\Users\zanet\.m2\repository\org\apache\logging\log4j\log4j-to-slf4j\2.21.1\log4j-to-slf4j-2.21.1.jar;C:\Users\zanet\.m2\repository\org\apache\logging\log4j\log4j-api\2.21.1\log4j-api-2.21.1.jar;C:\Users\zanet\.m2\repository\org\slf4j\jul-to-slf4j\2.0.12\jul-to-slf4j-2.0.12.jar;C:\Users\zanet\.m2\repository\jakarta\annotation\jakarta.annotation-api\2.1.1\jakarta.annotation-api-2.1.1.jar;C:\Users\zanet\.m2\repository\org\yaml\snakeyaml\2.2\snakeyaml-2.2.jar;C:\Users\zanet\.m2\repository\org\mongodb\mongodb-driver-sync\4.11.1\mongodb-driver-sync-4.11.1.jar;C:\Users\zanet\.m2\repository\org\mongodb\bson\4.11.1\bson-4.11.1.jar;C:\Users\zanet\.m2\repository\org\mongodb\mongodb-driver-core\4.11.1\mongodb-driver-core-4.11.1.jar;C:\Users\zanet\.m2\repository\org\mongodb\bson-record-codec\4.11.1\bson-record-codec-4.11.1.jar;C:\Users\zanet\.m2\repository\org\springframework\data\spring-data-mongodb\4.2.4\spring-data-mongodb-4.2.4.jar;C:\Users\zanet\.m2\repository\org\springframework\spring-tx\6.1.5\spring-tx-6.1.5.jar;C:\Users\zanet\.m2\repository\org\springframework\spring-context\6.1.5\spring-context-6.1.5.jar;C:\Users\zanet\.m2\repository\org\springframework\spring-beans\6.1.5\spring-beans-6.1.5.jar;C:\Users\zanet\.m2\repository\org\springframework\spring-expression\6.1.5\spring-expression-6.1.5.jar;C:\Users\zanet\.m2\repository\org\springframework\data\spring-data-commons\3.2.4\spring-data-commons-3.2.4.jar;C:\Users\zanet\.m2\repository\org\slf4j\slf4j-api\2.0.12\slf4j-api-2.0.12.jar;C:\Users\zanet\.m2\repository\org\springframework\boot\spring-boot-starter-data-rest\3.2.4\spring-boot-starter-data-rest-3.2.4.jar;C:\Users\zanet\.m2\repository\org\springframework\data\spring-data-rest-webmvc\4.2.4\spring-data-rest-webmvc-4.2.4.jar;C:\Users\zanet\.m2\repository\org\springframework\data\spring-data-rest-core\4.2.4\spring-data-rest-core-4.2.4.jar;C:\Users\zanet\.m2\repository\org\springframework\hateoas\spring-hateoas\2.2.1\spring-hateoas-2.2.1.jar;C:\Users\zanet\.m2\repository\org\springframework\plugin\spring-plugin-core\3.0.0\spring-plugin-core-3.0.0.jar;C:\Users\zanet\.m2\repository\org\atteo\evo-inflector\1.3\evo-inflector-1.3.jar;C:\Users\zanet\.m2\repository\com\fasterxml\jackson\core\jackson-databind\2.15.4\jackson-databind-2.15.4.jar;C:\Users\zanet\.m2\repository\com\fasterxml\jackson\core\jackson-core\2.15.4\jackson-core-2.15.4.jar;C:\Users\zanet\.m2\repository\com\fasterxml\jackson\core\jackson-annotations\2.15.4\jackson-annotations-2.15.4.jar;C:\Users\zanet\.m2\repository\org\springframework\boot\spring-boot-starter-web\3.2.4\spring-boot-starter-web-3.2.4.jar;C:\Users\zanet\.m2\repository\org\springframework\boot\spring-boot-starter-json\3.2.4\spring-boot-starter-json-3.2.4.jar;C:\Users\zanet\.m2\repository\com\fasterxml\jackson\datatype\jackson-datatype-jdk8\2.15.4\jackson-datatype-jdk8-2.15.4.jar;C:\Users\zanet\.m2\repository\com\fasterxml\jackson\datatype\jackson-datatype-jsr310\2.15.4\jackson-datatype-jsr310-2.15.4.jar;C:\Users\zanet\.m2\repository\com\fasterxml\jackson\module\jackson-module-parameter-names\2.15.4\jackson-module-parameter-names-2.15.4.jar;C:\Users\zanet\.m2\repository\org\springframework\boot\spring-boot-starter-tomcat\3.2.4\spring-boot-starter-tomcat-3.2.4.jar;C:\Users\zanet\.m2\repository\org\apache\tomcat\embed\tomcat-embed-core\10.1.19\tomcat-embed-core-10.1.19.jar;C:\Users\zanet\.m2\repository\org\apache\tomcat\embed\tomcat-embed-el\10.1.19\tomcat-embed-el-10.1.19.jar;C:\Users\zanet\.m2\repository\org\apache\tomcat\embed\tomcat-embed-websocket\10.1.19\tomcat-embed-websocket-10.1.19.jar;C:\Users\zanet\.m2\repository\org\springframework\spring-web\6.1.5\spring-web-6.1.5.jar;C:\Users\zanet\.m2\repository\io\micrometer\micrometer-observation\1.12.4\micrometer-observation-1.12.4.jar;C:\Users\zanet\.m2\repository\io\micrometer\micrometer-commons\1.12.4\micrometer-commons-1.12.4.jar;C:\Users\zanet\.m2\repository\org\springframework\spring-webmvc\6.1.5\spring-webmvc-6.1.5.jar;C:\Users\zanet\.m2\repository\org\springframework\spring-aop\6.1.5\spring-aop-6.1.5.jar;C:\Users\zanet\.m2\repository\org\springframework\boot\spring-boot-devtools\3.2.4\spring-boot-devtools-3.2.4.jar;C:\Users\zanet\.m2\repository\org\springframework\boot\spring-boot\3.2.4\spring-boot-3.2.4.jar;C:\Users\zanet\.m2\repository\org\springframework\boot\spring-boot-autoconfigure\3.2.4\spring-boot-autoconfigure-3.2.4.jar;C:\Users\zanet\.m2\repository\org\projectlombok\lombok\1.18.30\lombok-1.18.30.jar;C:\Users\zanet\.m2\repository\org\springframework\boot\spring-boot-starter-test\3.2.4\spring-boot-starter-test-3.2.4.jar;C:\Users\zanet\.m2\repository\org\springframework\boot\spring-boot-test\3.2.4\spring-boot-test-3.2.4.jar;C:\Users\zanet\.m2\repository\org\springframework\boot\spring-boot-test-autoconfigure\3.2.4\spring-boot-test-autoconfigure-3.2.4.jar;C:\Users\zanet\.m2\repository\com\jayway\jsonpath\json-path\2.9.0\json-path-2.9.0.jar;C:\Users\zanet\.m2\repository\jakarta\xml\bind\jakarta.xml.bind-api\4.0.2\jakarta.xml.bind-api-4.0.2.jar;C:\Users\zanet\.m2\repository\jakarta\activation\jakarta.activation-api\2.1.3\jakarta.activation-api-2.1.3.jar;C:\Users\zanet\.m2\repository\net\minidev\json-smart\2.5.0\json-smart-2.5.0.jar;C:\Users\zanet\.m2\repository\net\minidev\accessors-smart\2.5.0\accessors-smart-2.5.0.jar;C:\Users\zanet\.m2\repository\org\ow2\asm\asm\9.3\asm-9.3.jar;C:\Users\zanet\.m2\repository\org\assertj\assertj-core\3.24.2\assertj-core-3.24.2.jar;C:\Users\zanet\.m2\repository\net\bytebuddy\byte-buddy\1.14.12\byte-buddy-1.14.12.jar;C:\Users\zanet\.m2\repository\org\awaitility\awaitility\4.2.0\awaitility-4.2.0.jar;C:\Users\zanet\.m2\repository\org\hamcrest\hamcrest\2.2\hamcrest-2.2.jar;C:\Users\zanet\.m2\repository\org\junit\jupiter\junit-jupiter\5.10.2\junit-jupiter-5.10.2.jar;C:\Users\zanet\.m2\repository\org\junit\jupiter\junit-jupiter-api\5.10.2\junit-jupiter-api-5.10.2.jar;C:\Users\zanet\.m2\repository\org\opentest4j\opentest4j\1.3.0\opentest4j-1.3.0.jar;C:\Users\zanet\.m2\repository\org\junit\platform\junit-platform-commons\1.10.2\junit-platform-commons-1.10.2.jar;C:\Users\zanet\.m2\repository\org\apiguardian\apiguardian-api\1.1.2\apiguardian-api-1.1.2.jar;C:\Users\zanet\.m2\repository\org\junit\jupiter\junit-jupiter-params\5.10.2\junit-jupiter-params-5.10.2.jar;C:\Users\zanet\.m2\repository\org\junit\jupiter\junit-jupiter-engine\5.10.2\junit-jupiter-engine-5.10.2.jar;C:\Users\zanet\.m2\repository\org\junit\platform\junit-platform-engine\1.10.2\junit-platform-engine-1.10.2.jar;C:\Users\zanet\.m2\repository\org\mockito\mockito-core\5.7.0\mockito-core-5.7.0.jar;C:\Users\zanet\.m2\repository\net\bytebuddy\byte-buddy-agent\1.14.12\byte-buddy-agent-1.14.12.jar;C:\Users\zanet\.m2\repository\org\objenesis\objenesis\3.3\objenesis-3.3.jar;C:\Users\zanet\.m2\repository\org\mockito\mockito-junit-jupiter\5.7.0\mockito-junit-jupiter-5.7.0.jar;C:\Users\zanet\.m2\repository\org\skyscreamer\jsonassert\1.5.1\jsonassert-1.5.1.jar;C:\Users\zanet\.m2\repository\com\vaadin\external\google\android-json\0.0.20131108.vaadin1\android-json-0.0.20131108.vaadin1.jar;C:\Users\zanet\.m2\repository\org\springframework\spring-core\6.1.5\spring-core-6.1.5.jar;C:\Users\zanet\.m2\repository\org\springframework\spring-jcl\6.1.5\spring-jcl-6.1.5.jar;C:\Users\zanet\.m2\repository\org\springframework\spring-test\6.1.5\spring-test-6.1.5.jar;C:\Users\zanet\.m2\repository\org\xmlunit\xmlunit-core\2.9.1\xmlunit-core-2.9.1.jar;C:\Users\zanet\.m2\repository\org\springframework\security\spring-security-crypto\6.2.3\spring-security-crypto-6.2.3.jar;C:\Users\zanet\.m2\repository\org\modelmapper\modelmapper\3.2.0\modelmapper-3.2.0.jar;"/>
    <property name="java.vm.vendor" value="Oracle Corporation"/>
    <property name="sun.arch.data.model" value="64"/>
    <property name="user.variant" value=""/>
    <property name="java.vendor.url" value="https://java.oracle.com/"/>
    <property name="user.timezone" value="Europe/Madrid"/>
    <property name="os.name" value="Windows 11"/>
    <property name="java.vm.specification.version" value="21"/>
    <property name="sun.java.launcher" value="SUN_STANDARD"/>
    <property name="user.country" value="US"/>
    <property name="sun.boot.library.path" value="C:\Users\zanet\.jdks\openjdk-21.0.2\bin"/>
    <property name="sun.java.command" value="C:\Users\zanet\AppData\Local\Temp\surefire8125075093625151476\surefirebooter-20240613141449216_3.jar C:\Users\zanet\AppData\Local\Temp\surefire8125075093625151476 2024-06-13T14-14-49_083-jvmRun1 surefire-20240613141449216_1tmp surefire_0-20240613141449216_2tmp"/>
    <property name="jdk.debug" value="release"/>
    <property name="surefire.test.class.path" value="C:\Users\zanet\Desktop\Fitness-Tracker\src\FitnessTrackerServidor\target\test-classes;C:\Users\zanet\Desktop\Fitness-Tracker\src\FitnessTrackerServidor\target\classes;C:\Users\zanet\.m2\repository\org\springframework\boot\spring-boot-starter-data-mongodb\3.2.4\spring-boot-starter-data-mongodb-3.2.4.jar;C:\Users\zanet\.m2\repository\org\springframework\boot\spring-boot-starter\3.2.4\spring-boot-starter-3.2.4.jar;C:\Users\zanet\.m2\repository\org\springframework\boot\spring-boot-starter-logging\3.2.4\spring-boot-starter-logging-3.2.4.jar;C:\Users\zanet\.m2\repository\ch\qos\logback\logback-classic\1.4.14\logback-classic-1.4.14.jar;C:\Users\zanet\.m2\repository\ch\qos\logback\logback-core\1.4.14\logback-core-1.4.14.jar;C:\Users\zanet\.m2\repository\org\apache\logging\log4j\log4j-to-slf4j\2.21.1\log4j-to-slf4j-2.21.1.jar;C:\Users\zanet\.m2\repository\org\apache\logging\log4j\log4j-api\2.21.1\log4j-api-2.21.1.jar;C:\Users\zanet\.m2\repository\org\slf4j\jul-to-slf4j\2.0.12\jul-to-slf4j-2.0.12.jar;C:\Users\zanet\.m2\repository\jakarta\annotation\jakarta.annotation-api\2.1.1\jakarta.annotation-api-2.1.1.jar;C:\Users\zanet\.m2\repository\org\yaml\snakeyaml\2.2\snakeyaml-2.2.jar;C:\Users\zanet\.m2\repository\org\mongodb\mongodb-driver-sync\4.11.1\mongodb-driver-sync-4.11.1.jar;C:\Users\zanet\.m2\repository\org\mongodb\bson\4.11.1\bson-4.11.1.jar;C:\Users\zanet\.m2\repository\org\mongodb\mongodb-driver-core\4.11.1\mongodb-driver-core-4.11.1.jar;C:\Users\zanet\.m2\repository\org\mongodb\bson-record-codec\4.11.1\bson-record-codec-4.11.1.jar;C:\Users\zanet\.m2\repository\org\springframework\data\spring-data-mongodb\4.2.4\spring-data-mongodb-4.2.4.jar;C:\Users\zanet\.m2\repository\org\springframework\spring-tx\6.1.5\spring-tx-6.1.5.jar;C:\Users\zanet\.m2\repository\org\springframework\spring-context\6.1.5\spring-context-6.1.5.jar;C:\Users\zanet\.m2\repository\org\springframework\spring-beans\6.1.5\spring-beans-6.1.5.jar;C:\Users\zanet\.m2\repository\org\springframework\spring-expression\6.1.5\spring-expression-6.1.5.jar;C:\Users\zanet\.m2\repository\org\springframework\data\spring-data-commons\3.2.4\spring-data-commons-3.2.4.jar;C:\Users\zanet\.m2\repository\org\slf4j\slf4j-api\2.0.12\slf4j-api-2.0.12.jar;C:\Users\zanet\.m2\repository\org\springframework\boot\spring-boot-starter-data-rest\3.2.4\spring-boot-starter-data-rest-3.2.4.jar;C:\Users\zanet\.m2\repository\org\springframework\data\spring-data-rest-webmvc\4.2.4\spring-data-rest-webmvc-4.2.4.jar;C:\Users\zanet\.m2\repository\org\springframework\data\spring-data-rest-core\4.2.4\spring-data-rest-core-4.2.4.jar;C:\Users\zanet\.m2\repository\org\springframework\hateoas\spring-hateoas\2.2.1\spring-hateoas-2.2.1.jar;C:\Users\zanet\.m2\repository\org\springframework\plugin\spring-plugin-core\3.0.0\spring-plugin-core-3.0.0.jar;C:\Users\zanet\.m2\repository\org\atteo\evo-inflector\1.3\evo-inflector-1.3.jar;C:\Users\zanet\.m2\repository\com\fasterxml\jackson\core\jackson-databind\2.15.4\jackson-databind-2.15.4.jar;C:\Users\zanet\.m2\repository\com\fasterxml\jackson\core\jackson-core\2.15.4\jackson-core-2.15.4.jar;C:\Users\zanet\.m2\repository\com\fasterxml\jackson\core\jackson-annotations\2.15.4\jackson-annotations-2.15.4.jar;C:\Users\zanet\.m2\repository\org\springframework\boot\spring-boot-starter-web\3.2.4\spring-boot-starter-web-3.2.4.jar;C:\Users\zanet\.m2\repository\org\springframework\boot\spring-boot-starter-json\3.2.4\spring-boot-starter-json-3.2.4.jar;C:\Users\zanet\.m2\repository\com\fasterxml\jackson\datatype\jackson-datatype-jdk8\2.15.4\jackson-datatype-jdk8-2.15.4.jar;C:\Users\zanet\.m2\repository\com\fasterxml\jackson\datatype\jackson-datatype-jsr310\2.15.4\jackson-datatype-jsr310-2.15.4.jar;C:\Users\zanet\.m2\repository\com\fasterxml\jackson\module\jackson-module-parameter-names\2.15.4\jackson-module-parameter-names-2.15.4.jar;C:\Users\zanet\.m2\repository\org\springframework\boot\spring-boot-starter-tomcat\3.2.4\spring-boot-starter-tomcat-3.2.4.jar;C:\Users\zanet\.m2\repository\org\apache\tomcat\embed\tomcat-embed-core\10.1.19\tomcat-embed-core-10.1.19.jar;C:\Users\zanet\.m2\repository\org\apache\tomcat\embed\tomcat-embed-el\10.1.19\tomcat-embed-el-10.1.19.jar;C:\Users\zanet\.m2\repository\org\apache\tomcat\embed\tomcat-embed-websocket\10.1.19\tomcat-embed-websocket-10.1.19.jar;C:\Users\zanet\.m2\repository\org\springframework\spring-web\6.1.5\spring-web-6.1.5.jar;C:\Users\zanet\.m2\repository\io\micrometer\micrometer-observation\1.12.4\micrometer-observation-1.12.4.jar;C:\Users\zanet\.m2\repository\io\micrometer\micrometer-commons\1.12.4\micrometer-commons-1.12.4.jar;C:\Users\zanet\.m2\repository\org\springframework\spring-webmvc\6.1.5\spring-webmvc-6.1.5.jar;C:\Users\zanet\.m2\repository\org\springframework\spring-aop\6.1.5\spring-aop-6.1.5.jar;C:\Users\zanet\.m2\repository\org\springframework\boot\spring-boot-devtools\3.2.4\spring-boot-devtools-3.2.4.jar;C:\Users\zanet\.m2\repository\org\springframework\boot\spring-boot\3.2.4\spring-boot-3.2.4.jar;C:\Users\zanet\.m2\repository\org\springframework\boot\spring-boot-autoconfigure\3.2.4\spring-boot-autoconfigure-3.2.4.jar;C:\Users\zanet\.m2\repository\org\projectlombok\lombok\1.18.30\lombok-1.18.30.jar;C:\Users\zanet\.m2\repository\org\springframework\boot\spring-boot-starter-test\3.2.4\spring-boot-starter-test-3.2.4.jar;C:\Users\zanet\.m2\repository\org\springframework\boot\spring-boot-test\3.2.4\spring-boot-test-3.2.4.jar;C:\Users\zanet\.m2\repository\org\springframework\boot\spring-boot-test-autoconfigure\3.2.4\spring-boot-test-autoconfigure-3.2.4.jar;C:\Users\zanet\.m2\repository\com\jayway\jsonpath\json-path\2.9.0\json-path-2.9.0.jar;C:\Users\zanet\.m2\repository\jakarta\xml\bind\jakarta.xml.bind-api\4.0.2\jakarta.xml.bind-api-4.0.2.jar;C:\Users\zanet\.m2\repository\jakarta\activation\jakarta.activation-api\2.1.3\jakarta.activation-api-2.1.3.jar;C:\Users\zanet\.m2\repository\net\minidev\json-smart\2.5.0\json-smart-2.5.0.jar;C:\Users\zanet\.m2\repository\net\minidev\accessors-smart\2.5.0\accessors-smart-2.5.0.jar;C:\Users\zanet\.m2\repository\org\ow2\asm\asm\9.3\asm-9.3.jar;C:\Users\zanet\.m2\repository\org\assertj\assertj-core\3.24.2\assertj-core-3.24.2.jar;C:\Users\zanet\.m2\repository\net\bytebuddy\byte-buddy\1.14.12\byte-buddy-1.14.12.jar;C:\Users\zanet\.m2\repository\org\awaitility\awaitility\4.2.0\awaitility-4.2.0.jar;C:\Users\zanet\.m2\repository\org\hamcrest\hamcrest\2.2\hamcrest-2.2.jar;C:\Users\zanet\.m2\repository\org\junit\jupiter\junit-jupiter\5.10.2\junit-jupiter-5.10.2.jar;C:\Users\zanet\.m2\repository\org\junit\jupiter\junit-jupiter-api\5.10.2\junit-jupiter-api-5.10.2.jar;C:\Users\zanet\.m2\repository\org\opentest4j\opentest4j\1.3.0\opentest4j-1.3.0.jar;C:\Users\zanet\.m2\repository\org\junit\platform\junit-platform-commons\1.10.2\junit-platform-commons-1.10.2.jar;C:\Users\zanet\.m2\repository\org\apiguardian\apiguardian-api\1.1.2\apiguardian-api-1.1.2.jar;C:\Users\zanet\.m2\repository\org\junit\jupiter\junit-jupiter-params\5.10.2\junit-jupiter-params-5.10.2.jar;C:\Users\zanet\.m2\repository\org\junit\jupiter\junit-jupiter-engine\5.10.2\junit-jupiter-engine-5.10.2.jar;C:\Users\zanet\.m2\repository\org\junit\platform\junit-platform-engine\1.10.2\junit-platform-engine-1.10.2.jar;C:\Users\zanet\.m2\repository\org\mockito\mockito-core\5.7.0\mockito-core-5.7.0.jar;C:\Users\zanet\.m2\repository\net\bytebuddy\byte-buddy-agent\1.14.12\byte-buddy-agent-1.14.12.jar;C:\Users\zanet\.m2\repository\org\objenesis\objenesis\3.3\objenesis-3.3.jar;C:\Users\zanet\.m2\repository\org\mockito\mockito-junit-jupiter\5.7.0\mockito-junit-jupiter-5.7.0.jar;C:\Users\zanet\.m2\repository\org\skyscreamer\jsonassert\1.5.1\jsonassert-1.5.1.jar;C:\Users\zanet\.m2\repository\com\vaadin\external\google\android-json\0.0.20131108.vaadin1\android-json-0.0.20131108.vaadin1.jar;C:\Users\zanet\.m2\repository\org\springframework\spring-core\6.1.5\spring-core-6.1.5.jar;C:\Users\zanet\.m2\repository\org\springframework\spring-jcl\6.1.5\spring-jcl-6.1.5.jar;C:\Users\zanet\.m2\repository\org\springframework\spring-test\6.1.5\spring-test-6.1.5.jar;C:\Users\zanet\.m2\repository\org\xmlunit\xmlunit-core\2.9.1\xmlunit-core-2.9.1.jar;C:\Users\zanet\.m2\repository\org\springframework\security\spring-security-crypto\6.2.3\spring-security-crypto-6.2.3.jar;C:\Users\zanet\.m2\repository\org\modelmapper\modelmapper\3.2.0\modelmapper-3.2.0.jar;"/>
    <property name="sun.cpu.endian" value="little"/>
    <property name="user.home" value="C:\Users\zanet"/>
    <property name="user.language" value="en"/>
    <property name="java.specification.vendor" value="Oracle Corporation"/>
    <property name="java.version.date" value="2024-01-16"/>
    <property name="java.home" value="C:\Users\zanet\.jdks\openjdk-21.0.2"/>
    <property name="file.separator" value="\"/>
    <property name="basedir" value="C:\Users\zanet\Desktop\Fitness-Tracker\src\FitnessTrackerServidor"/>
    <property name="java.vm.compressedOopsMode" value="Zero based"/>
    <property name="line.separator" value="&#10;"/>
    <property name="java.vm.specification.vendor" value="Oracle Corporation"/>
    <property name="java.specification.name" value="Java Platform API Specification"/>
    <property name="FILE_LOG_CHARSET" value="UTF-8"/>
    <property name="java.awt.headless" value="true"/>
    <property name="surefire.real.class.path" value="C:\Users\zanet\AppData\Local\Temp\surefire8125075093625151476\surefirebooter-20240613141449216_3.jar"/>
    <property name="user.script" value=""/>
    <property name="sun.management.compiler" value="HotSpot 64-Bit Tiered Compilers"/>
    <property name="java.runtime.version" value="21.0.2+13-58"/>
    <property name="user.name" value="zanet"/>
    <property name="stdout.encoding" value="Cp1252"/>
    <property name="path.separator" value=";"/>
    <property name="os.version" value="10.0"/>
    <property name="java.runtime.name" value="OpenJDK Runtime Environment"/>
    <property name="file.encoding" value="UTF-8"/>
    <property name="java.vm.name" value="OpenJDK 64-Bit Server VM"/>
    <property name="localRepository" value="C:\Users\zanet\.m2\repository"/>
    <property name="java.vendor.url.bug" value="https://bugreport.java.com/bugreport/"/>
    <property name="java.io.tmpdir" value="C:\Users\zanet\AppData\Local\Temp\"/>
    <property name="idea.version" value="2023.1.1"/>
    <property name="java.version" value="21.0.2"/>
    <property name="user.dir" value="C:\Users\zanet\Desktop\Fitness-Tracker\src\FitnessTrackerServidor"/>
    <property name="os.arch" value="amd64"/>
    <property name="java.vm.specification.name" value="Java Virtual Machine Specification"/>
    <property name="PID" value="29112"/>
    <property name="sun.os.patch.level" value=""/>
    <property name="CONSOLE_LOG_CHARSET" value="UTF-8"/>
    <property name="native.encoding" value="Cp1252"/>
    <property name="java.library.path" value="C:\Users\zanet\.jdks\openjdk-21.0.2\bin;C:\WINDOWS\Sun\Java\bin;C:\WINDOWS\system32;C:\WINDOWS;C:\VulkanSDK\1.3.280.0\Bin;C:\Users\zanet\AppData\Local\Programs\Python\Python312\Scripts\;C:\Users\zanet\AppData\Local\Programs\Python\Python312\;C:\Program Files\NVIDIA GPU Computing Toolkit\CUDA\v12.0\bin;C:\Program Files\NVIDIA GPU Computing Toolkit\CUDA\v12.0\libnvvp;C:\Program Files\Java\jdk-19\bin;C:\Program Files\Microsoft\jdk-11.0.16.101-hotspot\bin;C:\Program Files\Common Files\Oracle\Java\javapath;C:\Users\zanet\AppData\Local\Programs\Python\Python310\;C:\Program Files (x86)\Common Files\Intel\Shared Libraries\redist\intel64\compiler;C:\Windows\system32;C:\Windows;C:\Windows\System32\Wbem;C:\Windows\System32\WindowsPowerShell\v1.0\;C:\Windows\System32\OpenSSH\;C:\Program Files (x86)\NVIDIA Corporation\PhysX\Common;C:\msys64\mingw64\bin;C:\Program Files\Microsoft SQL Server\150\Tools\Binn\;C:\Program Files\Microsoft SQL Server\Client SDK\ODBC\170\Tools\Binn\;C:\Program Files (x86)\GnuWin32\bin;C:\Program Files\Git\cmd;PS C:\Program Files\Git\bin;C:\Program Files\PostgreSQL\14\bin;C:\Program Files\Microsoft Visual Studio\2022\Community\VC\Tools\MSVC\14.31.31103\bin\Hostx64\x64;C:\Program Files\Vim\vim82;C:\Program Files\dotnet\;C:\WINDOWS\system32;C:\WINDOWS;C:\WINDOWS\System32\Wbem;C:\WINDOWS\System32\WindowsPowerShell\v1.0\;C:\WINDOWS\System32\OpenSSH\;C:\WINDOWS\system32;C:\WINDOWS;C:\WINDOWS\System32\Wbem;C:\WINDOWS\System32\WindowsPowerShell\v1.0\;C:\WINDOWS\System32\OpenSSH\;C:\Program Files\Java\apache-maven-3.8.6-bin\apache-maven-3.8.6\bin\;C;C:\Program Files\Vim\vim90;C:\Program Files\Geany\bin;C:\Program Files\NVIDIA Corporation\NVIDIA NvDLISR;C:\Program Files\CMake\bin;C:\Program Files\nodejs\;C:\Program Files (x86)\Microsoft SQL Server\160\Tools\Binn\;C:\Program Files\Microsoft SQL Server\160\Tools\Binn\;C:\Program Files\Microsoft SQL Server\160\DTS\Binn\;C:\Program Files\PuTTY\;C:\Program Files\Docker\Docker\resources\bin;C:\Users\zanet\AppData\Local\Programs\Python\Python312\Scripts\;C:\Users\zanet\AppData\Local\Programs\Python\Python312\;C:\Users\zanet\.cargo\bin;C:\Program Files\MySQL\MySQL Shell 8.0\bin\;C:\Program Files\Conan\conan;C:\Users\zanet\AppData\Local\Microsoft\WindowsApps;C:\Users\zanet\AppData\Local\Programs\Microsoft VS Code\bin;C:\Users\zanet\.dotnet\tools;C:\Program Files\JetBrains\PyCharm Community Edition 2021.3.3\bin;C:\Program Files\JetBrains\IntelliJ IDEA Educational Edition 2021.3.4\bin;C:\Users\zanet\AppData\Local\Microsoft\WindowsApps;C:\Users\zanet\AppData\Local\Programs\oh-my-posh\bin;C:\Users\zanet\.dotnet\tools;C:\Users\zanet\AppData\Local\JetBrains\Toolbox\scripts;C:\Users\zanet\.dotnet\tools;C:\Users\zanet\.dotnet\tools;C:\Users\zanet\AppData\Roaming\npm;."/>
    <property name="java.vm.info" value="mixed mode, sharing"/>
    <property name="stderr.encoding" value="Cp1252"/>
    <property name="java.vendor" value="Oracle Corporation"/>
    <property name="java.vm.version" value="21.0.2+13-58"/>
    <property name="sun.io.unicode.encoding" value="UnicodeLittle"/>
    <property name="java.class.version" value="65.0"/>
    <property name="LOGGED_APPLICATION_NAME" value="[FitnessTrackerServidor] "/>
  </properties>
  <testcase name="contextLoads" classname="com.fitness.aplicacion.FitnessTrackerServidorApplicationTests" time="0.555">
    <system-out><![CDATA[14:14:49.930 [main] INFO org.springframework.test.context.support.AnnotationConfigContextLoaderUtils -- Could not detect default configuration classes for test class [com.fitness.aplicacion.FitnessTrackerServidorApplicationTests]: FitnessTrackerServidorApplicationTests does not declare any static, non-private, non-final, nested classes annotated with @Configuration.
14:14:50.023 [main] INFO org.springframework.boot.test.context.SpringBootTestContextBootstrapper -- Found @SpringBootConfiguration com.fitness.aplicacion.FitnessTrackerServidorApplication for test class com.fitness.aplicacion.FitnessTrackerServidorApplicationTests
14:14:50.137 [main] INFO org.springframework.boot.devtools.restart.RestartApplicationListener -- Restart disabled due to context in which it is running

  .   ____          _            __ _ _
 /\\ / ___'_ __ _ _(_)_ __  __ _ \ \ \ \
( ( )\___ | '_ | '_| | '_ \/ _` | \ \ \ \
 \\/  ___)| |_)| | | | | || (_| |  ) ) ) )
  '  |____| .__|_| |_|_| |_\__, | / / / /
 =========|_|==============|___/=/_/_/_/
 :: Spring Boot ::                (v3.2.4)

2024-06-13T14:14:50.308+02:00  INFO 29112 --- [FitnessTrackerServidor] [           main] a.FitnessTrackerServidorApplicationTests : Starting FitnessTrackerServidorApplicationTests using Java 21.0.2 with PID 29112 (started by zanet in C:\Users\zanet\Desktop\Fitness-Tracker\src\FitnessTrackerServidor)
2024-06-13T14:14:50.309+02:00  INFO 29112 --- [FitnessTrackerServidor] [           main] a.FitnessTrackerServidorApplicationTests : No active profile set, falling back to 1 default profile: "default"
2024-06-13T14:14:51.401+02:00  INFO 29112 --- [FitnessTrackerServidor] [           main] .s.d.r.c.RepositoryConfigurationDelegate : Bootstrapping Spring Data MongoDB repositories in DEFAULT mode.
2024-06-13T14:14:51.462+02:00  INFO 29112 --- [FitnessTrackerServidor] [           main] .s.d.r.c.RepositoryConfigurationDelegate : Finished Spring Data repository scanning in 58 ms. Found 5 MongoDB repository interfaces.
2024-06-13T14:14:51.836+02:00  INFO 29112 --- [FitnessTrackerServidor] [           main] org.mongodb.driver.client                : MongoClient with metadata {"driver": {"name": "mongo-java-driver|sync|spring-boot", "version": "4.11.1"}, "os": {"type": "Windows", "name": "Windows 11", "architecture": "amd64", "version": "10.0"}, "platform": "Java/Oracle Corporation/21.0.2+13-58"} created with settings MongoClientSettings{readPreference=primary, writeConcern=WriteConcern{w=null, wTimeout=null ms, journal=null}, retryWrites=true, retryReads=true, readConcern=ReadConcern{level=null}, credential=null, transportSettings=null, streamFactoryFactory=null, commandListeners=[], codecRegistry=ProvidersCodecRegistry{codecProviders=[ValueCodecProvider{}, BsonValueCodecProvider{}, DBRefCodecProvider{}, DBObjectCodecProvider{}, DocumentCodecProvider{}, CollectionCodecProvider{}, IterableCodecProvider{}, MapCodecProvider{}, GeoJsonCodecProvider{}, GridFSFileCodecProvider{}, Jsr310CodecProvider{}, JsonObjectCodecProvider{}, BsonCodecProvider{}, EnumCodecProvider{}, com.mongodb.client.model.mql.ExpressionCodecProvider@2cd388f5, com.mongodb.Jep395RecordCodecProvider@4640195a, com.mongodb.KotlinCodecProvider@70d77826]}, loggerSettings=LoggerSettings{maxDocumentLength=1000}, clusterSettings={hosts=[localhost:27017], srvServiceName=mongodb, mode=SINGLE, requiredClusterType=UNKNOWN, requiredReplicaSetName='null', serverSelector='null', clusterListeners='[]', serverSelectionTimeout='30000 ms', localThreshold='15 ms'}, socketSettings=SocketSettings{connectTimeoutMS=10000, readTimeoutMS=0, receiveBufferSize=0, proxySettings=ProxySettings{host=null, port=null, username=null, password=null}}, heartbeatSocketSettings=SocketSettings{connectTimeoutMS=10000, readTimeoutMS=10000, receiveBufferSize=0, proxySettings=ProxySettings{host=null, port=null, username=null, password=null}}, connectionPoolSettings=ConnectionPoolSettings{maxSize=100, minSize=0, maxWaitTimeMS=120000, maxConnectionLifeTimeMS=0, maxConnectionIdleTimeMS=0, maintenanceInitialDelayMS=0, maintenanceFrequencyMS=60000, connectionPoolListeners=[], maxConnecting=2}, serverSettings=ServerSettings{heartbeatFrequencyMS=10000, minHeartbeatFrequencyMS=500, serverListeners='[]', serverMonitorListeners='[]'}, sslSettings=SslSettings{enabled=false, invalidHostNameAllowed=false, context=null}, applicationName='null', compressorList=[], uuidRepresentation=JAVA_LEGACY, serverApi=null, autoEncryptionSettings=null, dnsClient=null, inetAddressResolver=null, contextProvider=null}
2024-06-13T14:14:51.870+02:00  INFO 29112 --- [FitnessTrackerServidor] [localhost:27017] org.mongodb.driver.cluster               : Monitor thread successfully connected to server with description ServerDescription{address=localhost:27017, type=STANDALONE, state=CONNECTED, ok=true, minWireVersion=0, maxWireVersion=21, maxDocumentSize=16777216, logicalSessionTimeoutMinutes=30, roundTripTimeNanos=26196700}
2024-06-13T14:14:52.018+02:00  WARN 29112 --- [FitnessTrackerServidor] [           main] o.s.d.m.c.m.BasicMongoPersistentProperty : Customizing field name for id property 'com.fitness.aplicacion.documentos.Usuario.email' is not allowed; Custom name ('correo_electronico') will not be considered
2024-06-13T14:14:53.344+02:00  INFO 29112 --- [FitnessTrackerServidor] [           main] a.FitnessTrackerServidorApplicationTests : Started FitnessTrackerServidorApplicationTests in 3.215 seconds (process running for 4.045)
Usuario(email=usuario1@example.com, nombreUsuario=usuario123, contrasena=$2a$10$HbgJtSuhHFFVahCu/Sf1Iurj98RaZrRELm6rD6CimooMcxJq2m02G, nombre=Juan, primerApellido=Pérez, segundoApellido=García, fechaDeNacimiento=1990-01-01, fechaRegistro=2024-06-13T14:14:53.415006600, fechaUltimaModificacion=2024-06-13T14:14:53.415006600, altura=175.0, imagen=null, objetivoPeso=0.0, peso=70.0, sexo=Hombre, dietas=[Dieta(id=1, caloriasTarget=2000.0, fechaInicio=2024-05-01T00:00, fechaFin=2024-05-31T23:59, consumoDeAgua=2.5, activa=true, comidasSugeridas=[ComidaSugerida(id=1, tipo=CENA, orden=PLATO_UNICO), ComidaSugerida(id=2, tipo=CENA, orden=PLATO_UNICO)], fechaRegistro=2024-06-13T14:14:53.350006500, fechaUltimaModificacion=2024-06-13T14:14:53.350006500)], comidasRegistradas=[Comida(id=1, nombre=Ensalada César, descripcion=Ensalada con lechuga, pollo, y aderezo César, calorias=150.0, proteinas=10.0, grasas=5.0, carbohidratos=10.0, vitaminas=[A, C, K], fechaRegistro=2024-06-13T14:14:53.349007500, fechaUltimaModificacion=2024-06-13T14:14:53.349007500), Comida(id=2, nombre=Pollo Asado, descripcion=Pollo asado con especias, calorias=250.0, proteinas=30.0, grasas=10.0, carbohidratos=0.0, vitaminas=[B6, B12], fechaRegistro=2024-06-13T14:14:53.349007500, fechaUltimaModificacion=2024-06-13T14:14:53.349007500), Comida(id=3, nombre=Batido de Proteínas, descripcion=Batido con proteínas y frutas, calorias=200.0, proteinas=20.0, grasas=5.0, carbohidratos=25.0, vitaminas=[A, C, E], fechaRegistro=2024-06-13T14:14:53.349007500, fechaUltimaModificacion=2024-06-13T14:14:53.349007500)], rutinas=[Rutina(id=1, tiempoDeSuenio=8.0, caloriasQuemadas=500.0, pasosRealizados=10000, frecuenciaCardiaca=60.0, nivelOxigenoSangre=98.0, fechaSeguimiento=2024-05-21, fechaUltimaModificacion=2024-06-13T14:14:53.350006500, comidasConsumidas=[Alimento(id=1, comida=Comida(id=1, nombre=Ensalada César, descripcion=Ensalada con lechuga, pollo, y aderezo César, calorias=150.0, proteinas=10.0, grasas=5.0, carbohidratos=10.0, vitaminas=[A, C, K], fechaRegistro=2024-06-13T14:14:53.349007500, fechaUltimaModificacion=2024-06-13T14:14:53.349007500), tipo=ALMUERZO, horaConsumo=2024-05-21T12:30, orden=PRIMER_PLATO, fechaRegistro=2024-06-13T14:14:53.350006500, fechaUltimaModificacion=2024-06-13T14:14:53.350006500), Alimento(id=2, comida=Comida(id=2, nombre=Pollo Asado, descripcion=Pollo asado con especias, calorias=250.0, proteinas=30.0, grasas=10.0, carbohidratos=0.0, vitaminas=[B6, B12], fechaRegistro=2024-06-13T14:14:53.349007500, fechaUltimaModificacion=2024-06-13T14:14:53.349007500), tipo=CENA, horaConsumo=2024-05-21T19:00, orden=PLATO_UNICO, fechaRegistro=2024-06-13T14:14:53.350006500, fechaUltimaModificacion=2024-06-13T14:14:53.350006500), Alimento(id=3, comida=Comida(id=3, nombre=Batido de Proteínas, descripcion=Batido con proteínas y frutas, calorias=200.0, proteinas=20.0, grasas=5.0, carbohidratos=25.0, vitaminas=[A, C, E], fechaRegistro=2024-06-13T14:14:53.349007500, fechaUltimaModificacion=2024-06-13T14:14:53.349007500), tipo=DESAYUNO, horaConsumo=2024-05-21T07:00, orden=PLATO_UNICO, fechaRegistro=2024-06-13T14:14:53.350006500, fechaUltimaModificacion=2024-06-13T14:14:53.350006500)])])
Usuario(email=usuario2@example.com, nombreUsuario=usuario234, contrasena=$2a$10$Rqu/13jxeCOLNsr5eKZp.uTyEmYmIk0pRieYzWVveZEeD5LeqxH0G, nombre=Ana, primerApellido=López, segundoApellido=Martínez, fechaDeNacimiento=1985-06-15, fechaRegistro=2024-06-13T14:14:53.477435400, fechaUltimaModificacion=2024-06-13T14:14:53.477435400, altura=160.0, imagen=null, objetivoPeso=0.0, peso=60.0, sexo=Mujer, dietas=[Dieta(id=2, caloriasTarget=1800.0, fechaInicio=2024-05-01T00:00, fechaFin=2024-05-31T23:59, consumoDeAgua=2.0, activa=true, comidasSugeridas=[ComidaSugerida(id=4, tipo=ALMUERZO, orden=SEGUNDO_PLATO), ComidaSugerida(id=5, tipo=DESAYUNO, orden=TERCER_PLATO)], fechaRegistro=2024-06-13T14:14:53.416010400, fechaUltimaModificacion=2024-06-13T14:14:53.416010400)], comidasRegistradas=[Comida(id=4, nombre=Tostadas con Aguacate, descripcion=Tostadas de pan integral con aguacate y tomate, calorias=300.0, proteinas=8.0, grasas=15.0, carbohidratos=40.0, vitaminas=[E, B5], fechaRegistro=2024-06-13T14:14:53.416010400, fechaUltimaModificacion=2024-06-13T14:14:53.416010400), Comida(id=5, nombre=Sopa de Verduras, descripcion=Sopa con zanahoria, papa y apio, calorias=100.0, proteinas=3.0, grasas=2.0, carbohidratos=15.0, vitaminas=[A, C, K], fechaRegistro=2024-06-13T14:14:53.416010400, fechaUltimaModificacion=2024-06-13T14:14:53.416010400), Comida(id=6, nombre=Yogur con Frutas, descripcion=Yogur natural con fresas y arándanos, calorias=150.0, proteinas=8.0, grasas=5.0, carbohidratos=20.0, vitaminas=[C, B12], fechaRegistro=2024-06-13T14:14:53.416010400, fechaUltimaModificacion=2024-06-13T14:14:53.416010400)], rutinas=[Rutina(id=2, tiempoDeSuenio=7.0, caloriasQuemadas=400.0, pasosRealizados=8000, frecuenciaCardiaca=70.0, nivelOxigenoSangre=97.0, fechaSeguimiento=2024-05-22, fechaUltimaModificacion=2024-06-13T14:14:53.416010400, comidasConsumidas=[Alimento(id=4, comida=Comida(id=4, nombre=Tostadas con Aguacate, descripcion=Tostadas de pan integral con aguacate y tomate, calorias=300.0, proteinas=8.0, grasas=15.0, carbohidratos=40.0, vitaminas=[E, B5], fechaRegistro=2024-06-13T14:14:53.416010400, fechaUltimaModificacion=2024-06-13T14:14:53.416010400), tipo=DESAYUNO, horaConsumo=2024-05-22T08:00, orden=PRIMER_PLATO, fechaRegistro=2024-06-13T14:14:53.416010400, fechaUltimaModificacion=2024-06-13T14:14:53.416010400), Alimento(id=5, comida=Comida(id=5, nombre=Sopa de Verduras, descripcion=Sopa con zanahoria, papa y apio, calorias=100.0, proteinas=3.0, grasas=2.0, carbohidratos=15.0, vitaminas=[A, C, K], fechaRegistro=2024-06-13T14:14:53.416010400, fechaUltimaModificacion=2024-06-13T14:14:53.416010400), tipo=ALMUERZO, horaConsumo=2024-05-22T13:00, orden=PLATO_UNICO, fechaRegistro=2024-06-13T14:14:53.416010400, fechaUltimaModificacion=2024-06-13T14:14:53.416010400), Alimento(id=6, comida=Comida(id=6, nombre=Yogur con Frutas, descripcion=Yogur natural con fresas y arándanos, calorias=150.0, proteinas=8.0, grasas=5.0, carbohidratos=20.0, vitaminas=[C, B12], fechaRegistro=2024-06-13T14:14:53.416010400, fechaUltimaModificacion=2024-06-13T14:14:53.416010400), tipo=MERIENDA_VESPERTINA, horaConsumo=2024-05-22T16:00, orden=PLATO_UNICO, fechaRegistro=2024-06-13T14:14:53.416010400, fechaUltimaModificacion=2024-06-13T14:14:53.416010400)])])
Usuario(email=usuario3@example.com, nombreUsuario=usuario345, contrasena=$2a$10$g4lkVuGY8Ry2cDoQCJ3bE.pDtGg8dScoEUYf8VQMl6hgx4k0V8JTa, nombre=Carlos, primerApellido=Ramírez, segundoApellido=Torres, fechaDeNacimiento=1975-03-20, fechaRegistro=2024-06-13T14:14:53.533051600, fechaUltimaModificacion=2024-06-13T14:14:53.533051600, altura=180.0, imagen=null, objetivoPeso=0.0, peso=85.0, sexo=Hombre, dietas=[Dieta(id=3, caloriasTarget=2200.0, fechaInicio=2024-05-01T00:00, fechaFin=2024-05-31T23:59, consumoDeAgua=3.0, activa=true, comidasSugeridas=[ComidaSugerida(id=7, tipo=CENA, orden=PRIMER_PLATO), ComidaSugerida(id=8, tipo=MERIENDA_VESPERTINA, orden=PLATO_UNICO)], fechaRegistro=2024-06-13T14:14:53.477435400, fechaUltimaModificacion=2024-06-13T14:14:53.477435400)], comidasRegistradas=[Comida(id=7, nombre=Sandwich de Pollo, descripcion=Sandwich de pollo con vegetales y mayonesa, calorias=350.0, proteinas=25.0, grasas=15.0, carbohidratos=30.0, vitaminas=[A, C, B6], fechaRegistro=2024-06-13T14:14:53.477435400, fechaUltimaModificacion=2024-06-13T14:14:53.477435400), Comida(id=8, nombre=Pizza Vegetariana, descripcion=Pizza con vegetales, queso y salsa de tomate, calorias=400.0, proteinas=20.0, grasas=18.0, carbohidratos=50.0, vitaminas=[A, C], fechaRegistro=2024-06-13T14:14:53.477435400, fechaUltimaModificacion=2024-06-13T14:14:53.477435400), Comida(id=9, nombre=Fruta Mixta, descripcion=Ensalada de frutas frescas, calorias=120.0, proteinas=2.0, grasas=1.0, carbohidratos=30.0, vitaminas=[C, K], fechaRegistro=2024-06-13T14:14:53.477435400, fechaUltimaModificacion=2024-06-13T14:14:53.477435400)], rutinas=[Rutina(id=3, tiempoDeSuenio=6.0, caloriasQuemadas=600.0, pasosRealizados=12000, frecuenciaCardiaca=55.0, nivelOxigenoSangre=99.0, fechaSeguimiento=2024-05-23, fechaUltimaModificacion=2024-06-13T14:14:53.477435400, comidasConsumidas=[Alimento(id=7, comida=Comida(id=7, nombre=Sandwich de Pollo, descripcion=Sandwich de pollo con vegetales y mayonesa, calorias=350.0, proteinas=25.0, grasas=15.0, carbohidratos=30.0, vitaminas=[A, C, B6], fechaRegistro=2024-06-13T14:14:53.477435400, fechaUltimaModificacion=2024-06-13T14:14:53.477435400), tipo=ALMUERZO, horaConsumo=2024-05-23T12:00, orden=PRIMER_PLATO, fechaRegistro=2024-06-13T14:14:53.477435400, fechaUltimaModificacion=2024-06-13T14:14:53.477435400), Alimento(id=8, comida=Comida(id=8, nombre=Pizza Vegetariana, descripcion=Pizza con vegetales, queso y salsa de tomate, calorias=400.0, proteinas=20.0, grasas=18.0, carbohidratos=50.0, vitaminas=[A, C], fechaRegistro=2024-06-13T14:14:53.477435400, fechaUltimaModificacion=2024-06-13T14:14:53.477435400), tipo=CENA, horaConsumo=2024-05-23T19:30, orden=PLATO_UNICO, fechaRegistro=2024-06-13T14:14:53.477435400, fechaUltimaModificacion=2024-06-13T14:14:53.477435400), Alimento(id=9, comida=Comida(id=9, nombre=Fruta Mixta, descripcion=Ensalada de frutas frescas, calorias=120.0, proteinas=2.0, grasas=1.0, carbohidratos=30.0, vitaminas=[C, K], fechaRegistro=2024-06-13T14:14:53.477435400, fechaUltimaModificacion=2024-06-13T14:14:53.477435400), tipo=MERIENDA_VESPERTINA, horaConsumo=2024-05-23T16:30, orden=PLATO_UNICO, fechaRegistro=2024-06-13T14:14:53.477435400, fechaUltimaModificacion=2024-06-13T14:14:53.477435400)])])
Usuario(email=usuario4@example.com, nombreUsuario=usuario456, contrasena=$2a$10$tYPSjvCWoM6D64BzmvgAQOOBnuW3VuJOYxicIaz5OFDst1X6NPllm, nombre=María, primerApellido=Gómez, segundoApellido=Hernández, fechaDeNacimiento=1995-08-10, fechaRegistro=2024-06-13T14:14:53.588272400, fechaUltimaModificacion=2024-06-13T14:14:53.588272400, altura=165.0, imagen=null, objetivoPeso=0.0, peso=55.0, sexo=Mujer, dietas=[Dieta(id=4, caloriasTarget=2500.0, fechaInicio=2024-05-01T00:00, fechaFin=2024-05-31T23:59, consumoDeAgua=3.5, activa=true, comidasSugeridas=[ComidaSugerida(id=10, tipo=CENA, orden=PRIMER_PLATO), ComidaSugerida(id=11, tipo=MERIENDA_VESPERTINA, orden=PLATO_UNICO)], fechaRegistro=2024-06-13T14:14:53.533051600, fechaUltimaModificacion=2024-06-13T14:14:53.533051600)], comidasRegistradas=[Comida(id=10, nombre=Huevos Revueltos, descripcion=Huevos revueltos con jamón y queso, calorias=250.0, proteinas=20.0, grasas=15.0, carbohidratos=5.0, vitaminas=[B12, D], fechaRegistro=2024-06-13T14:14:53.533051600, fechaUltimaModificacion=2024-06-13T14:14:53.533051600), Comida(id=11, nombre=Lasaña, descripcion=Lasaña de carne con salsa de tomate, calorias=500.0, proteinas=30.0, grasas=25.0, carbohidratos=50.0, vitaminas=[A, C], fechaRegistro=2024-06-13T14:14:53.533051600, fechaUltimaModificacion=2024-06-13T14:14:53.533051600), Comida(id=12, nombre=Smoothie Verde, descripcion=Smoothie de espinaca, manzana y plátano, calorias=180.0, proteinas=5.0, grasas=2.0, carbohidratos=40.0, vitaminas=[A, C, K], fechaRegistro=2024-06-13T14:14:53.533051600, fechaUltimaModificacion=2024-06-13T14:14:53.533051600)], rutinas=[Rutina(id=4, tiempoDeSuenio=8.0, caloriasQuemadas=700.0, pasosRealizados=15000, frecuenciaCardiaca=65.0, nivelOxigenoSangre=96.0, fechaSeguimiento=2024-05-24, fechaUltimaModificacion=2024-06-13T14:14:53.533051600, comidasConsumidas=[Alimento(id=10, comida=Comida(id=10, nombre=Huevos Revueltos, descripcion=Huevos revueltos con jamón y queso, calorias=250.0, proteinas=20.0, grasas=15.0, carbohidratos=5.0, vitaminas=[B12, D], fechaRegistro=2024-06-13T14:14:53.533051600, fechaUltimaModificacion=2024-06-13T14:14:53.533051600), tipo=DESAYUNO, horaConsumo=2024-05-24T07:30, orden=PLATO_UNICO, fechaRegistro=2024-06-13T14:14:53.533051600, fechaUltimaModificacion=2024-06-13T14:14:53.533051600), Alimento(id=11, comida=Comida(id=11, nombre=Lasaña, descripcion=Lasaña de carne con salsa de tomate, calorias=500.0, proteinas=30.0, grasas=25.0, carbohidratos=50.0, vitaminas=[A, C], fechaRegistro=2024-06-13T14:14:53.533051600, fechaUltimaModificacion=2024-06-13T14:14:53.533051600), tipo=ALMUERZO, horaConsumo=2024-05-24T12:30, orden=PRIMER_PLATO, fechaRegistro=2024-06-13T14:14:53.533051600, fechaUltimaModificacion=2024-06-13T14:14:53.533051600), Alimento(id=12, comida=Comida(id=12, nombre=Smoothie Verde, descripcion=Smoothie de espinaca, manzana y plátano, calorias=180.0, proteinas=5.0, grasas=2.0, carbohidratos=40.0, vitaminas=[A, C, K], fechaRegistro=2024-06-13T14:14:53.533051600, fechaUltimaModificacion=2024-06-13T14:14:53.533051600), tipo=MERIENDA_MATUTINA, horaConsumo=2024-05-24T10:00, orden=PLATO_UNICO, fechaRegistro=2024-06-13T14:14:53.533051600, fechaUltimaModificacion=2024-06-13T14:14:53.533051600)])])
]]></system-out>
    <system-err><![CDATA[WARNING: A Java agent has been loaded dynamically (C:\Users\zanet\.m2\repository\net\bytebuddy\byte-buddy-agent\1.14.12\byte-buddy-agent-1.14.12.jar)
WARNING: If a serviceability tool is in use, please run with -XX:+EnableDynamicAgentLoading to hide this warning
WARNING: If a serviceability tool is not in use, please run with -Djdk.instrument.traceUsage for more information
WARNING: Dynamic loading of agents will be disallowed by default in a future release
]]></system-err>
  </testcase>
</testsuite>